<?xml version="1.0" encoding="UTF-8"?>
<!-- Generated by org.testng.reporters.JUnitReportReporter -->
<testsuite hostname="Leeladhar" name="TestNGframework.NewTest3" tests="7" failures="0" timestamp="22 Apr 2019 05:57:42 GMT" time="0.019" errors="0">
  <testcase name="search" time="0.002" classname="TestNGframework.NewTest3"/>
  <testcase name="billpayment" time="0.001" classname="TestNGframework.NewTest3"/>
  <testcase name="prepaidrecharge" time="0.001" classname="TestNGframework.NewTest3"/>
  <testcase name="fundtransfer" time="0.002" classname="TestNGframework.NewTest3"/>
  <testcase name="login" time="0.001" classname="TestNGframework.NewTest3"/>
  <testcase name="advancedsearch" time="0.011" classname="TestNGframework.NewTest3"/>
  <testcase name="logout" time="0.001" classname="TestNGframework.NewTest3"/>
</testsuite> <!-- TestNGframework.NewTest3 -->
