<?xml version="1.0" encoding="UTF-8"?>
<!-- Generated by org.testng.reporters.JUnitReportReporter -->
<testsuite hostname="Leeladhar" name="TestNGframework.NewTest6" tests="3" failures="0" timestamp="26 Apr 2019 08:22:59 GMT" time="0.000" errors="0">
  <testcase name="Testcase4" time="0.000" classname="TestNGframework.NewTest6"/>
  <testcase name="Testcase5" time="0.000" classname="TestNGframework.NewTest6"/>
  <testcase name="Testcase6" time="0.000" classname="TestNGframework.NewTest6"/>
</testsuite> <!-- TestNGframework.NewTest6 -->
