<?xml version="1.0" encoding="UTF-8"?>
<!-- Generated by org.testng.reporters.JUnitReportReporter -->
<testsuite hostname="Leeladhar" name="TestNGframework.NewTest5" tests="3" failures="0" timestamp="9 Mar 2020 08:55:13 GMT" time="0.075" errors="0">
  <testcase name="Testcase1" time="0.073" classname="TestNGframework.NewTest5"/>
  <testcase name="Testcase3" time="0.001" classname="TestNGframework.NewTest5"/>
  <testcase name="Testcase2" time="0.001" classname="TestNGframework.NewTest5"/>
</testsuite> <!-- TestNGframework.NewTest5 -->
