<?xml version="1.0" encoding="UTF-8"?>
<!-- Generated by org.testng.reporters.JUnitReportReporter -->
<testsuite hostname="Leeladhar" name="exercises.CalculatorEMIDemo" tests="1" failures="0" timestamp="15 Apr 2019 10:39:08 GMT" time="127.001" errors="0">
  <testcase name="calculateLoanEMI" time="127.001" classname="exercises.CalculatorEMIDemo"/>
</testsuite> <!-- exercises.CalculatorEMIDemo -->
