<?xml version="1.0" encoding="UTF-8"?>
<!-- Generated by org.testng.reporters.JUnitReportReporter -->
<testsuite hostname="Leeladhar" name="TestNGframework.NewTest6" tests="3" failures="0" timestamp="13 Oct 2019 02:57:19 GMT" time="0.019" errors="0">
  <testcase name="Testcase6" time="0.002" classname="TestNGframework.NewTest6"/>
  <testcase name="Testcase4" time="0.011" classname="TestNGframework.NewTest6"/>
  <testcase name="Testcase5" time="0.006" classname="TestNGframework.NewTest6"/>
</testsuite> <!-- TestNGframework.NewTest6 -->
