<?xml version="1.0" encoding="UTF-8"?>
<!-- Generated by org.testng.reporters.JUnitReportReporter -->
<testsuite hostname="Leeladhar" name="TestNGframework.NewTest1" tests="3" failures="0" timestamp="26 Apr 2019 08:25:37 GMT" time="0.000" errors="0">
  <testcase name="Addcurrency" time="0.000" classname="TestNGframework.NewTest1"/>
  <testcase name="Addvendor" time="0.000" classname="TestNGframework.NewTest1"/>
  <testcase name="Addproduct" time="0.000" classname="TestNGframework.NewTest1"/>
</testsuite> <!-- TestNGframework.NewTest1 -->
