<?xml version="1.0" encoding="UTF-8"?>
<!-- Generated by org.testng.reporters.JUnitReportReporter -->
<testsuite hostname="Leeladhar" name="TestNGframework.NewTest2" tests="3" failures="0" timestamp="13 Oct 2019 02:57:04 GMT" time="0.006" errors="0">
  <testcase name="Addvendor" time="0.002" classname="TestNGframework.NewTest2"/>
  <testcase name="Addproduct" time="0.001" classname="TestNGframework.NewTest2"/>
  <testcase name="Addcurrency" time="0.003" classname="TestNGframework.NewTest2"/>
</testsuite> <!-- TestNGframework.NewTest2 -->
